<?xml version="1.0" encoding="UTF-8" standalone="no"?>
<testsuite errors="0" failures="0" name="io.cucumber.core.plugin.JUnitFormatter" skipped="0" tests="1" time="15.768">
    <testcase classname="Software Based Application" name="Home Page" time="15.565">
        <system-out><![CDATA[Given user Launch The Application...........................................passed
When user Enter The Login Informations......................................passed
And user Click The Sign.....................................................passed
But user Get The Invalid Credential Input...................................passed
Then user Get The Screenshot Of The Current Page............................passed
]]></system-out>
    </testcase>
</testsuite>
